{"target": 0.967848539352417, "params": {"batch_size_index": 1.1236203565420875, "dropout_rate": 0.4753571532049581, "fc_units_index": 2.1959818254342154, "l1_reg": 0.005990598257128396, "l2_reg": 0.001568626218019941, "lr": 0.00024039506830258236, "optimizer_index": 0.17425083650459838}, "datetime": {"datetime": "2025-03-25 00:05:39", "elapsed": 0.0, "delta": 0.0}}
{"target": 0.9906851053237915, "params": {"batch_size_index": 2.5985284373248057, "dropout_rate": 0.3005575058716044, "fc_units_index": 2.1242177333881367, "l1_reg": 0.00021563909801506647, "l2_reg": 0.009699399423098323, "lr": 0.0008491983767203796, "optimizer_index": 0.6370173320348285}, "datetime": {"datetime": "2025-03-25 00:07:48", "elapsed": 129.047669, "delta": 129.047669}}
{"target": 0.9954928159713745, "params": {"batch_size_index": 2.6267291000031427, "dropout_rate": 0.2575688367305503, "fc_units_index": 2.1877559193852436, "l1_reg": 0.0003667523807911495, "l2_reg": 0.003657981923223507, "lr": 0.0005312524126558976, "optimizer_index": 0.5592505656305541}, "datetime": {"datetime": "2025-03-25 00:09:36", "elapsed": 236.83911, "delta": 107.791441}}
{"target": 0.9753605723381042, "params": {"batch_size_index": 2.7005582137743342, "dropout_rate": 0.13071523413241998, "fc_units_index": 2.390542325631664, "l1_reg": 0.009087462467391285, "l2_reg": 0.007399790808650601, "lr": 0.0007118741470773452, "optimizer_index": 0.15203147937026074}, "datetime": {"datetime": "2025-03-25 00:11:44", "elapsed": 364.254161, "delta": 127.415051}}
{"target": 0.9831730723381042, "params": {"batch_size_index": 1.2770744612976648, "dropout_rate": 0.17039378189812282, "fc_units_index": 2.7146753497458724, "l1_reg": 0.004730469184424919, "l2_reg": 0.009426845128031663, "lr": 0.00036752043352253485, "optimizer_index": 2.041223075556786}, "datetime": {"datetime": "2025-03-25 00:19:04", "elapsed": 804.658529, "delta": 440.404368}}
{"target": 0.9918870329856873, "params": {"batch_size_index": 2.9956689049133827, "dropout_rate": 0.025582759889954232, "fc_units_index": 2.347694787096514, "l1_reg": 0.007425822257319783, "l2_reg": 0.007925779275186276, "lr": 0.00041435294922482206, "optimizer_index": 1.393245285432641}, "datetime": {"datetime": "2025-03-25 00:21:52", "elapsed": 972.241392, "delta": 167.582863}}
{"target": 0.993088960647583, "params": {"batch_size_index": 2.6143780028808234, "dropout_rate": 0.057835137671494674, "fc_units_index": 2.2387170181602136, "l1_reg": 0.004349688244934745, "l2_reg": 0.006718881897837733, "lr": 0.00031608499838307733, "optimizer_index": 0.6350404997032274}, "datetime": {"datetime": "2025-03-25 00:25:36", "elapsed": 1197.032453, "delta": 224.791061}}
{"target": 0.9864783883094788, "params": {"batch_size_index": 2.6594173886179, "dropout_rate": 0.23724601428881165, "fc_units_index": 2.177469733123934, "l1_reg": 0.0020674135989076376, "l2_reg": 0.009643924917074541, "lr": 0.0005567970818445846, "optimizer_index": 0.6385714939295678}, "datetime": {"datetime": "2025-03-25 00:27:02", "elapsed": 1282.400544, "delta": 85.368091}}
{"target": 0.9645432829856873, "params": {"batch_size_index": 2.129002836326121, "dropout_rate": 0.3157475539431675, "fc_units_index": 2.4052872535142478, "l1_reg": 0.00674243858179355, "l2_reg": 0.00844926825082687, "lr": 0.000294036548551674, "optimizer_index": 2.8800062566810354}, "datetime": {"datetime": "2025-03-25 00:29:37", "elapsed": 1437.182912, "delta": 154.782368}}
{"target": 0.9846754670143127, "params": {"batch_size_index": 0.3573272614202808, "dropout_rate": 0.47516123754482964, "fc_units_index": 2.90512818841683, "l1_reg": 0.009533603181790789, "l2_reg": 0.009249346388587999, "lr": 0.00031279883360734215, "optimizer_index": 1.264259308049285}, "datetime": {"datetime": "2025-03-25 00:33:09", "elapsed": 1649.536448, "delta": 212.353536}}
{"target": 0.991286039352417, "params": {"batch_size_index": 2.6055129763072484, "dropout_rate": 0.12455889635698819, "fc_units_index": 2.117442269181013, "l1_reg": 0.005947845534313324, "l2_reg": 0.0065008246380916165, "lr": 0.0006987876220127627, "optimizer_index": 0.44848885199857724}, "datetime": {"datetime": "2025-03-25 00:38:18", "elapsed": 1958.770732, "delta": 309.234284}}
{"target": 0.9876803159713745, "params": {"batch_size_index": 2.6130031942288996, "dropout_rate": 0.11945227888732429, "fc_units_index": 2.153296451623037, "l1_reg": 0.0033740320332155314, "l2_reg": 0.008562617588532414, "lr": 0.0002937086078055613, "optimizer_index": 0.508338951510487}, "datetime": {"datetime": "2025-03-25 00:41:28", "elapsed": 2148.306227, "delta": 189.535495}}
