{"target": 0.9972956776618958, "params": {"batch_size_index": 1.1236203565420875, "dropout_rate": 0.4753571532049581, "fc_units_index": 2.1959818254342154, "l1_reg": 0.005990598257128396, "l2_reg": 0.001568626218019941, "lr": 0.00024039506830258236, "optimizer_index": 0.17425083650459838}, "datetime": {"datetime": "2025-03-25 03:31:07", "elapsed": 0.0, "delta": 0.0}}
{"target": 0.97265625, "params": {"batch_size_index": 2.5985284373248057, "dropout_rate": 0.3005575058716044, "fc_units_index": 2.1242177333881367, "l1_reg": 0.00021563909801506647, "l2_reg": 0.009699399423098323, "lr": 0.0008491983767203796, "optimizer_index": 0.6370173320348285}, "datetime": {"datetime": "2025-03-25 03:38:00", "elapsed": 412.988452, "delta": 412.988452}}
{"target": 0.7331730723381042, "params": {"batch_size_index": 1.067282144982908, "dropout_rate": 0.4211410493741079, "fc_units_index": 2.239256819212016, "l1_reg": 0.009921592837948181, "l2_reg": 0.0061390116803479505, "lr": 0.0005169309439550524, "optimizer_index": 0.2702215888406734}, "datetime": {"datetime": "2025-03-25 03:44:19", "elapsed": 791.789117, "delta": 378.800665}}
{"target": 0.953125, "params": {"batch_size_index": 0.19311240401449825, "dropout_rate": 0.054484951089545486, "fc_units_index": 2.6892362254235733, "l1_reg": 0.008500967984334864, "l2_reg": 0.007521067762899238, "lr": 0.00035104356423172725, "optimizer_index": 1.4934508599318668}, "datetime": {"datetime": "2025-03-25 03:53:20", "elapsed": 1332.805524, "delta": 541.016407}}
{"target": 0.530348539352417, "params": {"batch_size_index": 1.2770744612976648, "dropout_rate": 0.17039378189812282, "fc_units_index": 2.7146753497458724, "l1_reg": 0.004730469184424919, "l2_reg": 0.009426845128031663, "lr": 0.00036752043352253485, "optimizer_index": 2.041223075556786}, "datetime": {"datetime": "2025-03-25 04:06:23", "elapsed": 2116.169716, "delta": 783.364192}}
{"target": 0.973557710647583, "params": {"batch_size_index": 2.9956689049133827, "dropout_rate": 0.025582759889954232, "fc_units_index": 2.347694787096514, "l1_reg": 0.007425822257319783, "l2_reg": 0.007925779275186276, "lr": 0.00041435294922482206, "optimizer_index": 1.393245285432641}, "datetime": {"datetime": "2025-03-25 04:12:25", "elapsed": 2477.672698, "delta": 361.502982}}
{"target": 0.6228966116905212, "params": {"batch_size_index": 1.6682254616964394, "dropout_rate": 0.4518724584610296, "fc_units_index": 1.9854942008459648, "l1_reg": 0.002312818040010104, "l2_reg": 0.00966151321048268, "lr": 0.0004565314152016786, "optimizer_index": 0.08298960721487636}, "datetime": {"datetime": "2025-03-25 04:16:44", "elapsed": 2737.206442, "delta": 259.533744}}
{"target": 0.9753605723381042, "params": {"batch_size_index": 2.427394832675036, "dropout_rate": 0.0963731041775272, "fc_units_index": 2.5524536928958916, "l1_reg": 0.006513205325262832, "l2_reg": 0.006634084501228754, "lr": 0.00014607820169696583, "optimizer_index": 1.2563459132634753}, "datetime": {"datetime": "2025-03-25 04:23:27", "elapsed": 3139.4995, "delta": 402.293058}}
{"target": 0.754807710647583, "params": {"batch_size_index": 2.129002836326121, "dropout_rate": 0.3157475539431675, "fc_units_index": 2.4052872535142478, "l1_reg": 0.00674243858179355, "l2_reg": 0.00844926825082687, "lr": 0.000294036548551674, "optimizer_index": 2.8800062566810354}, "datetime": {"datetime": "2025-03-25 04:31:33", "elapsed": 3625.772154, "delta": 486.272654}}
{"target": 0.9390023946762085, "params": {"batch_size_index": 0.3573272614202808, "dropout_rate": 0.47516123754482964, "fc_units_index": 2.90512818841683, "l1_reg": 0.009533603181790789, "l2_reg": 0.009249346388587999, "lr": 0.00031279883360734215, "optimizer_index": 1.264259308049285}, "datetime": {"datetime": "2025-03-25 04:39:18", "elapsed": 4090.553929, "delta": 464.781775}}
{"target": 0.8927283883094788, "params": {"batch_size_index": 2.9288929413332006, "dropout_rate": 0.3499480642519285, "fc_units_index": 2.7086706366010938, "l1_reg": 0.0044523574287144005, "l2_reg": 0.00408548252622524, "lr": 0.0003163975474731418, "optimizer_index": 0.5372028986490995}, "datetime": {"datetime": "2025-03-25 04:46:04", "elapsed": 4497.197356, "delta": 406.643427}}
{"target": 0.7406851053237915, "params": {"batch_size_index": 1.284887606908901, "dropout_rate": 0.16362639238405324, "fc_units_index": 1.5525530673111063, "l1_reg": 0.009814532260999865, "l2_reg": 0.00017820274253158296, "lr": 0.0009015218289252822, "optimizer_index": 1.5583374584674292}, "datetime": {"datetime": "2025-03-25 04:51:10", "elapsed": 4802.541888, "delta": 305.344532}}
