{"target": 0.9762620329856873, "params": {"batch_size_index": 1.1236203565420875, "dropout_rate": 0.4753571532049581, "fc_units_index": 2.1959818254342154, "l1_reg": 0.005990598257128396, "l2_reg": 0.001568626218019941, "lr": 0.00024039506830258236, "optimizer_index": 0.17425083650459838}, "datetime": {"datetime": "2025-03-25 00:46:26", "elapsed": 0.0, "delta": 0.0}}
{"target": 0.9936898946762085, "params": {"batch_size_index": 2.5985284373248057, "dropout_rate": 0.3005575058716044, "fc_units_index": 2.1242177333881367, "l1_reg": 0.00021563909801506647, "l2_reg": 0.009699399423098323, "lr": 0.0008491983767203796, "optimizer_index": 0.6370173320348285}, "datetime": {"datetime": "2025-03-25 00:47:39", "elapsed": 72.731415, "delta": 72.731415}}
{"target": 0.9915865659713745, "params": {"batch_size_index": 2.6267291000031427, "dropout_rate": 0.2575688367305503, "fc_units_index": 2.1877559193852436, "l1_reg": 0.0003667523807911495, "l2_reg": 0.003657981923223507, "lr": 0.0005312524126558976, "optimizer_index": 0.5592505656305541}, "datetime": {"datetime": "2025-03-25 00:48:23", "elapsed": 117.420438, "delta": 44.689023}}
{"target": 0.99609375, "params": {"batch_size_index": 2.6443947299997275, "dropout_rate": 0.3639781960304084, "fc_units_index": 1.79292772313821, "l1_reg": 0.0006638909581236258, "l2_reg": 0.0026654142661522696, "lr": 0.0007396669358055386, "optimizer_index": 1.203542006706945}, "datetime": {"datetime": "2025-03-25 00:49:38", "elapsed": 192.620852, "delta": 75.200414}}
{"target": 0.9921875, "params": {"batch_size_index": 2.7366368036435382, "dropout_rate": 0.465113688719813, "fc_units_index": 1.0642015198710697, "l1_reg": 0.0008349946885351442, "l2_reg": 0.009477831481643533, "lr": 0.0006201597648280176, "optimizer_index": 0.6102986896932653}, "datetime": {"datetime": "2025-03-25 00:50:52", "elapsed": 266.241489, "delta": 73.620637}}
{"target": 0.9936898946762085, "params": {"batch_size_index": 2.9997078123130874, "dropout_rate": 0.45458317095703604, "fc_units_index": 2.53585164307082, "l1_reg": 0.009007021484279473, "l2_reg": 0.004732668576262319, "lr": 0.00021522173089704962, "optimizer_index": 1.614626739038148}, "datetime": {"datetime": "2025-03-25 00:52:36", "elapsed": 370.125699, "delta": 103.88421}}
{"target": 0.9942908883094788, "params": {"batch_size_index": 2.025516144689967, "dropout_rate": 0.056490513581372026, "fc_units_index": 2.0915272610972253, "l1_reg": 0.008477786771818192, "l2_reg": 0.0030773705636995656, "lr": 0.00025863041721304334, "optimizer_index": 1.8926336050243076}, "datetime": {"datetime": "2025-03-25 00:54:04", "elapsed": 458.186072, "delta": 88.060373}}
{"target": 0.9693509340286255, "params": {"batch_size_index": 2.8043631650223086, "dropout_rate": 0.10551410151864699, "fc_units_index": 1.5180373589309042, "l1_reg": 0.009391992204741753, "l2_reg": 0.0047844629510901395, "lr": 0.00041700390339280766, "optimizer_index": 2.2778385268108026}, "datetime": {"datetime": "2025-03-25 00:55:06", "elapsed": 520.361436, "delta": 62.175364}}
{"target": 0.9954928159713745, "params": {"batch_size_index": 2.2505974517981935, "dropout_rate": 0.3534758072631033, "fc_units_index": 2.64419567939345, "l1_reg": 0.004903128406956408, "l2_reg": 0.002203989549990001, "lr": 0.0006474492319746001, "optimizer_index": 1.285241532526908}, "datetime": {"datetime": "2025-03-25 00:56:15", "elapsed": 589.685968, "delta": 69.324532}}
{"target": 0.9792668223381042, "params": {"batch_size_index": 1.5006752113113708, "dropout_rate": 0.14002499888062686, "fc_units_index": 2.9338703367582197, "l1_reg": 0.006037609376074105, "l2_reg": 0.00990993905774603, "lr": 0.0003103258591515317, "optimizer_index": 2.1354082861256245}, "datetime": {"datetime": "2025-03-25 00:58:07", "elapsed": 700.944381, "delta": 111.258413}}
{"target": 0.99609375, "params": {"batch_size_index": 1.935460814021078, "dropout_rate": 0.21216902174105984, "fc_units_index": 1.8188142338003095, "l1_reg": 0.005657125364089159, "l2_reg": 0.007641407855508422, "lr": 0.00028456608915940527, "optimizer_index": 1.1305552592149786}, "datetime": {"datetime": "2025-03-25 00:59:11", "elapsed": 765.664234, "delta": 64.719853}}
{"target": 0.9957932829856873, "params": {"batch_size_index": 1.0945978268613374, "dropout_rate": 0.1391487643813174, "fc_units_index": 1.337648059236705, "l1_reg": 0.00375583091765047, "l2_reg": 0.0031806847966446053, "lr": 0.0008476795457062982, "optimizer_index": 1.7541292393150125}, "datetime": {"datetime": "2025-03-25 01:00:09", "elapsed": 823.219557, "delta": 57.555323}}
