{"target": 0.9978966116905212, "params": {"batch_size_index": 1.1236203565420875, "dropout_rate": 0.4753571532049581, "fc_units_index": 2.1959818254342154, "l1_reg": 0.005990598257128396, "l2_reg": 0.001568626218019941, "lr": 0.00024039506830258236, "optimizer_index": 0.17425083650459838}, "datetime": {"datetime": "2025-03-25 01:11:20", "elapsed": 0.0, "delta": 0.0}}
{"target": 0.9942908883094788, "params": {"batch_size_index": 2.5985284373248057, "dropout_rate": 0.3005575058716044, "fc_units_index": 2.1242177333881367, "l1_reg": 0.00021563909801506647, "l2_reg": 0.009699399423098323, "lr": 0.0008491983767203796, "optimizer_index": 0.6370173320348285}, "datetime": {"datetime": "2025-03-25 01:19:10", "elapsed": 469.576782, "delta": 469.576782}}
{"target": 0.9981971383094788, "params": {"batch_size_index": 1.067282144982908, "dropout_rate": 0.4211410493741079, "fc_units_index": 2.239256819212016, "l1_reg": 0.009921592837948181, "l2_reg": 0.0061390116803479505, "lr": 0.0005169309439550524, "optimizer_index": 0.2702215888406734}, "datetime": {"datetime": "2025-03-25 01:28:07", "elapsed": 1007.24924, "delta": 537.672458}}
{"target": 0.9993990659713745, "params": {"batch_size_index": 0.06989029925325674, "dropout_rate": 0.2666151559635361, "fc_units_index": 2.516847920949037, "l1_reg": 0.008297455854812489, "l2_reg": 0.008414716782667636, "lr": 0.0006421695649998251, "optimizer_index": 0.5514361370721542}, "datetime": {"datetime": "2025-03-25 01:40:34", "elapsed": 1753.900884, "delta": 746.651644}}
{"target": 0.9420071840286255, "params": {"batch_size_index": 0.0070892573028210615, "dropout_rate": 0.42832499547777364, "fc_units_index": 2.257452331210531, "l1_reg": 0.00030623298662144717, "l2_reg": 0.0009933186275314914, "lr": 0.000819088766585178, "optimizer_index": 2.180832491361852}, "datetime": {"datetime": "2025-03-25 01:56:39", "elapsed": 2718.368603, "delta": 964.467719}}
{"target": 0.9963942170143127, "params": {"batch_size_index": 2.9060619575188493, "dropout_rate": 0.05641412853008043, "fc_units_index": 0.0758771586578596, "l1_reg": 0.0009104248658733062, "l2_reg": 0.005018276477338657, "lr": 0.000250580840908289, "optimizer_index": 0.001921612046058896}, "datetime": {"datetime": "2025-03-25 02:03:55", "elapsed": 3154.761613, "delta": 436.39301}}
{"target": 0.9993990659713745, "params": {"batch_size_index": 0.4721276444207758, "dropout_rate": 0.005942498693970566, "fc_units_index": 0.18646502286380673, "l1_reg": 0.005511961806064487, "l2_reg": 0.001306816117750856, "lr": 0.00016452031404042998, "optimizer_index": 0.026976305181355853}, "datetime": {"datetime": "2025-03-25 02:16:02", "elapsed": 3882.054151, "delta": 727.292538}}
{"target": 0.9996995329856873, "params": {"batch_size_index": 2.94747715061487, "dropout_rate": 0.02343214728513987, "fc_units_index": 0.11712672594727236, "l1_reg": 0.0033442681918658653, "l2_reg": 0.0005244614322634433, "lr": 0.0008273723190376274, "optimizer_index": 2.301827078871651}, "datetime": {"datetime": "2025-03-25 02:25:39", "elapsed": 4458.562811, "delta": 576.50866}}
{"target": 0.996995210647583, "params": {"batch_size_index": 1.6552445105718512, "dropout_rate": 0.08416678023642876, "fc_units_index": 0.06096291221048378, "l1_reg": 0.007760293167675128, "l2_reg": 0.00030568298146325257, "lr": 0.0009344369079845015, "optimizer_index": 1.1655019574523584}, "datetime": {"datetime": "2025-03-25 02:34:25", "elapsed": 4984.457173, "delta": 525.894362}}
{"target": 0.989182710647583, "params": {"batch_size_index": 2.9859121434291023, "dropout_rate": 0.13298613602476234, "fc_units_index": 1.8181217788639925, "l1_reg": 0.009432479683488634, "l2_reg": 0.003141861297352396, "lr": 0.000581828370889082, "optimizer_index": 2.913331023576396}, "datetime": {"datetime": "2025-03-25 02:44:03", "elapsed": 5562.787904, "delta": 578.330731}}
{"target": 0.9993990659713745, "params": {"batch_size_index": 0.00747743667920775, "dropout_rate": 0.4370836127802155, "fc_units_index": 1.4391137760039094, "l1_reg": 0.002375733787099474, "l2_reg": 0.007357248792018145, "lr": 0.0007620833072037383, "optimizer_index": 0.07947892118766231}, "datetime": {"datetime": "2025-03-25 02:56:40", "elapsed": 6319.734283, "delta": 756.946379}}
{"target": 0.9972956776618958, "params": {"batch_size_index": 0.40257297693315874, "dropout_rate": 0.13745832001055047, "fc_units_index": 2.9540959069811614, "l1_reg": 0.008453126967586856, "l2_reg": 0.006013471460298886, "lr": 0.0006064714128282226, "optimizer_index": 0.024773078508323665}, "datetime": {"datetime": "2025-03-25 03:10:41", "elapsed": 7160.895488, "delta": 841.161205}}
