{"target": 0.9570833444595337, "params": {"batch_size_index": 1.1236203565420875, "dropout_rate": 0.4753571532049581, "fc_units_index": 2.1959818254342154, "l1_reg": 0.0012053437987101325, "l2_reg": 0.0003289169080760243, "lr": 7.884126564776511e-05, "optimizer_index": 0.17425083650459838}, "datetime": {"datetime": "2025-03-23 23:01:22", "elapsed": 0.0, "delta": 0.0}}
{"target": 0.9574999809265137, "params": {"batch_size_index": 2.5985284373248057, "dropout_rate": 0.3005575058716044, "fc_units_index": 2.1242177333881367, "l1_reg": 6.075729870568885e-05, "l2_reg": 0.0019404215072807488, "lr": 0.00041638887775941047, "optimizer_index": 0.6370173320348285}, "datetime": {"datetime": "2025-03-23 23:04:12", "elapsed": 169.793127, "delta": 169.793127}}
{"target": 0.9579166769981384, "params": {"batch_size_index": 2.6267291000031427, "dropout_rate": 0.2575688367305503, "fc_units_index": 2.1877559193852436, "l1_reg": 9.070767907572332e-05, "l2_reg": 0.000743023444242497, "lr": 0.00024010550435032545, "optimizer_index": 0.5592505656305541}, "datetime": {"datetime": "2025-03-23 23:06:45", "elapsed": 322.354539, "delta": 152.561412}}
{"target": 0.7837499976158142, "params": {"batch_size_index": 0.19311240401449825, "dropout_rate": 0.054484951089545486, "fc_units_index": 2.6892362254235733, "l1_reg": 0.0017028945554537567, "l2_reg": 0.0015086800971512004, "lr": 0.00014018970950181324, "optimizer_index": 1.4934508599318668}, "datetime": {"datetime": "2025-03-23 23:11:51", "elapsed": 628.131061, "delta": 305.776522}}
{"target": 0.9524999856948853, "params": {"batch_size_index": 2.0057124026179958, "dropout_rate": 0.4205185721301403, "fc_units_index": 0.5696675740242847, "l1_reg": 0.001512457543738895, "l2_reg": 0.0013249858616182987, "lr": 0.00021380463853184779, "optimizer_index": 0.0047439612277961896}, "datetime": {"datetime": "2025-03-23 23:13:20", "elapsed": 717.384689, "delta": 89.253628}}
{"target": 0.9587500095367432, "params": {"batch_size_index": 2.968766665292989, "dropout_rate": 0.4267933049266747, "fc_units_index": 0.010948075734542151, "l1_reg": 0.00017486685544201364, "l2_reg": 0.0014330660287827617, "lr": 0.00035939061880039836, "optimizer_index": 2.7507810841179934}, "datetime": {"datetime": "2025-03-23 23:17:30", "elapsed": 967.308444, "delta": 249.923755}}
{"target": 0.95291668176651, "params": {"batch_size_index": 2.9590589905816604, "dropout_rate": 0.47742489797472243, "fc_units_index": 2.1279317290797968, "l1_reg": 0.0014582315573155782, "l2_reg": 0.0004193626102296276, "lr": 4.479297553220243e-05, "optimizer_index": 2.9465538810001664}, "datetime": {"datetime": "2025-03-23 23:20:14", "elapsed": 1131.440619, "delta": 164.132175}}
{"target": 0.9516666531562805, "params": {"batch_size_index": 1.0697175978687699, "dropout_rate": 0.3787185874623553, "fc_units_index": 0.05233770730545528, "l1_reg": 0.0010092167391408363, "l2_reg": 0.0015400804615986403, "lr": 4.361582663940141e-05, "optimizer_index": 2.9844915069716493}, "datetime": {"datetime": "2025-03-23 23:23:51", "elapsed": 1348.158644, "delta": 216.718025}}
{"target": 0.565416693687439, "params": {"batch_size_index": 2.9974361700356873, "dropout_rate": 0.0028062039386325677, "fc_units_index": 0.0620007218476758, "l1_reg": 0.0012417168896601352, "l2_reg": 0.00161904031725359, "lr": 7.216719120316672e-05, "optimizer_index": 1.2709133942026916}, "datetime": {"datetime": "2025-03-23 23:27:23", "elapsed": 1560.851739, "delta": 212.693095}}
{"target": 0.9599999785423279, "params": {"batch_size_index": 2.136711931171435, "dropout_rate": 0.34423427956068275, "fc_units_index": 1.128593613575243, "l1_reg": 0.001149809424344245, "l2_reg": 0.0011647615579082344, "lr": 0.0004243141401307812, "optimizer_index": 2.987700456058172}, "datetime": {"datetime": "2025-03-23 23:31:46", "elapsed": 1823.531471, "delta": 262.679732}}
{"target": 0.9558333158493042, "params": {"batch_size_index": 0.8299913162452639, "dropout_rate": 0.37837574274336566, "fc_units_index": 0.985408374862383, "l1_reg": 0.0001228895774987196, "l2_reg": 0.00032054226998666545, "lr": 7.876616545313767e-05, "optimizer_index": 0.05469780356345033}, "datetime": {"datetime": "2025-03-23 23:35:18", "elapsed": 2035.767468, "delta": 212.235997}}
{"target": 0.1758333295583725, "params": {"batch_size_index": 2.7937400775727737, "dropout_rate": 0.005371025466489376, "fc_units_index": 2.9001516832070195, "l1_reg": 0.0007670057867964966, "l2_reg": 0.0011823673446780902, "lr": 2.045397855978362e-05, "optimizer_index": 1.7771208360505426}, "datetime": {"datetime": "2025-03-23 23:36:17", "elapsed": 2094.41368, "delta": 58.646212}}
