{"target": 0.7074999809265137, "params": {"batch_size_index": 1.1236203565420875, "dropout_rate": 0.4753571532049581, "fc_units_index": 2.1959818254342154, "l1_reg": 6.38792635777333e-05, "l2_reg": 2.4041677639819287e-05, "lr": 8.64373149647393e-07, "optimizer_index": 0.17425083650459838}, "datetime": {"datetime": "2025-03-23 21:34:39", "elapsed": 0.0, "delta": 0.0}}
{"target": 0.8133333325386047, "params": {"batch_size_index": 2.5985284373248057, "dropout_rate": 0.3005575058716044, "fc_units_index": 2.1242177333881367, "l1_reg": 1.185260448662222e-05, "l2_reg": 9.72918866945795e-05, "lr": 4.178968939922067e-06, "optimizer_index": 0.6370173320348285}, "datetime": {"datetime": "2025-03-23 21:38:19", "elapsed": 219.872931, "delta": 219.872931}}
{"target": 0.7920833230018616, "params": {"batch_size_index": 2.6267291000031427, "dropout_rate": 0.2575688367305503, "fc_units_index": 2.1877559193852436, "l1_reg": 1.3213985412532879e-05, "l2_reg": 4.2864702011022584e-05, "lr": 2.447929802237665e-06, "optimizer_index": 0.5592505656305541}, "datetime": {"datetime": "2025-03-23 21:41:57", "elapsed": 437.995632, "delta": 218.122701}}
{"target": 0.6679166555404663, "params": {"batch_size_index": 2.350382254409556, "dropout_rate": 0.4978587215616521, "fc_units_index": 1.9316627408068965, "l1_reg": 3.505115752806602e-05, "l2_reg": 8.790009462350525e-05, "lr": 1.440997933131459e-06, "optimizer_index": 0.7812029050763813}, "datetime": {"datetime": "2025-03-23 21:45:32", "elapsed": 653.101671, "delta": 215.106039}}
{"target": 0.7962499856948853, "params": {"batch_size_index": 1.2770744612976648, "dropout_rate": 0.17039378189812282, "fc_units_index": 2.7146753497458724, "l1_reg": 5.252674940923351e-05, "l2_reg": 9.483644259487984e-05, "lr": 1.5565001380671343e-06, "optimizer_index": 2.041223075556786}, "datetime": {"datetime": "2025-03-23 21:49:54", "elapsed": 915.267, "delta": 262.165329}}
{"target": 0.1508333384990692, "params": {"batch_size_index": 2.9956689049133827, "dropout_rate": 0.025582759889954232, "fc_units_index": 2.347694787096514, "l1_reg": 7.680920952540345e-05, "l2_reg": 8.131332680347997e-05, "lr": 1.8114771680018094e-06, "optimizer_index": 1.393245285432641}, "datetime": {"datetime": "2025-03-23 21:50:52", "elapsed": 973.062331, "delta": 57.795331}}
{"target": 0.7737500071525574, "params": {"batch_size_index": 2.7989834147620454, "dropout_rate": 0.2759083893275137, "fc_units_index": 1.6270436657652743, "l1_reg": 1.4916279323905247e-05, "l2_reg": 9.740623332589322e-05, "lr": 2.2038574573524237e-06, "optimizer_index": 0.2511910366950414}, "datetime": {"datetime": "2025-03-23 21:54:27", "elapsed": 1187.676829, "delta": 214.614498}}
{"target": 0.79708331823349, "params": {"batch_size_index": 2.6594173886179, "dropout_rate": 0.23724601428881165, "fc_units_index": 2.177469733123934, "l1_reg": 2.8535257647816558e-05, "l2_reg": 9.679211637004091e-05, "lr": 2.5870063344871836e-06, "optimizer_index": 0.6385714939295678}, "datetime": {"datetime": "2025-03-23 21:58:02", "elapsed": 1403.281032, "delta": 215.604203}}
{"target": 0.70333331823349, "params": {"batch_size_index": 2.129002836326121, "dropout_rate": 0.3157475539431675, "fc_units_index": 2.4052872535142478, "l1_reg": 7.065259983597794e-05, "l2_reg": 8.602944370114298e-05, "lr": 1.1564212087813361e-06, "optimizer_index": 2.8800062566810354}, "datetime": {"datetime": "2025-03-23 22:01:48", "elapsed": 1628.621996, "delta": 225.340964}}
{"target": 0.41583332419395447, "params": {"batch_size_index": 0.3573272614202808, "dropout_rate": 0.47516123754482964, "fc_units_index": 2.90512818841683, "l1_reg": 9.579822686298008e-05, "l2_reg": 9.323735485214413e-05, "lr": 1.258571427417752e-06, "optimizer_index": 1.264259308049285}, "datetime": {"datetime": "2025-03-23 22:07:28", "elapsed": 1968.633625, "delta": 340.011629}}
{"target": 0.8416666388511658, "params": {"batch_size_index": 1.2807799000984963, "dropout_rate": 0.04689248531485274, "fc_units_index": 2.920476156454131, "l1_reg": 8.64614308834904e-05, "l2_reg": 8.137751720764884e-05, "lr": 3.948367273263086e-06, "optimizer_index": 2.7048197560036162}, "datetime": {"datetime": "2025-03-23 22:11:45", "elapsed": 2225.89916, "delta": 257.265535}}
{"target": 0.6800000071525574, "params": {"batch_size_index": 2.670910358624306, "dropout_rate": 0.31842657826642534, "fc_units_index": 2.194075183403705, "l1_reg": 4.739055587914961e-05, "l2_reg": 4.7381711798379616e-05, "lr": 7.748518626316786e-07, "optimizer_index": 0.5743773872194583}, "datetime": {"datetime": "2025-03-23 22:15:22", "elapsed": 2443.288901, "delta": 217.389741}}
