{"target": 0.3316666781902313, "params": {"batch_size_index": 1.1236203565420875, "dropout_rate": 0.4753571532049581, "fc_units_index": 2.1959818254342154, "l1_reg": 0.06026718993550663, "l2_reg": 0.016445845403801215, "lr": 7.884126564776511e-05, "optimizer_index": 0.17425083650459838}, "datetime": {"datetime": "2025-03-23 23:45:26", "elapsed": 0.0, "delta": 0.0}}
{"target": 0.9479166865348816, "params": {"batch_size_index": 2.5985284373248057, "dropout_rate": 0.3005575058716044, "fc_units_index": 2.1242177333881367, "l1_reg": 0.0030378649352844423, "l2_reg": 0.09702107536403744, "lr": 0.00041638887775941047, "optimizer_index": 0.6370173320348285}, "datetime": {"datetime": "2025-03-23 23:50:44", "elapsed": 317.563024, "delta": 317.563024}}
{"target": 0.9458333253860474, "params": {"batch_size_index": 2.6267291000031427, "dropout_rate": 0.2575688367305503, "fc_units_index": 2.1877559193852436, "l1_reg": 0.004535383953786166, "l2_reg": 0.03715117221212484, "lr": 0.00024010550435032545, "optimizer_index": 0.5592505656305541}, "datetime": {"datetime": "2025-03-23 23:55:59", "elapsed": 632.665787, "delta": 315.102763}}
{"target": 0.6254166960716248, "params": {"batch_size_index": 2.949523636547008, "dropout_rate": 0.12237139940033764, "fc_units_index": 2.77788663720641, "l1_reg": 0.04269115429130443, "l2_reg": 0.024330994439572262, "lr": 4.190585777474495e-05, "optimizer_index": 1.8033923225723183}, "datetime": {"datetime": "2025-03-24 00:01:11", "elapsed": 944.438144, "delta": 311.772357}}
{"target": 0.9587500095367432, "params": {"batch_size_index": 2.906655298439027, "dropout_rate": 0.1166398400495865, "fc_units_index": 1.2498905818720514, "l1_reg": 0.0641783328653623, "l2_reg": 0.05482288275576363, "lr": 8.057441294848231e-05, "optimizer_index": 0.29969451423811755}, "datetime": {"datetime": "2025-03-24 00:06:27", "elapsed": 1260.487203, "delta": 316.049059}}
{"target": 0.7412499785423279, "params": {"batch_size_index": 2.9505737253633226, "dropout_rate": 0.3733512417185502, "fc_units_index": 0.5659324142590828, "l1_reg": 0.022760954185114476, "l2_reg": 0.06139846670455322, "lr": 0.00016118046169982537, "optimizer_index": 1.5345243422241452}, "datetime": {"datetime": "2025-03-24 00:11:36", "elapsed": 1569.631647, "delta": 309.144444}}
{"target": 0.9599999785423279, "params": {"batch_size_index": 2.764114915098542, "dropout_rate": 0.048036945185034596, "fc_units_index": 0.014862092149831807, "l1_reg": 0.023774746295358855, "l2_reg": 0.05421807343684622, "lr": 6.925254987048867e-05, "optimizer_index": 0.017352656475809414}, "datetime": {"datetime": "2025-03-24 00:16:52", "elapsed": 1885.701394, "delta": 316.069747}}
{"target": 0.9466666579246521, "params": {"batch_size_index": 1.5530886023224575, "dropout_rate": 0.012423804350752465, "fc_units_index": 0.003279592914317342, "l1_reg": 0.09588542879728294, "l2_reg": 0.0025564840331507716, "lr": 4.8543678566388815e-05, "optimizer_index": 0.011848631150461975}, "datetime": {"datetime": "2025-03-24 00:23:08", "elapsed": 2261.23636, "delta": 375.534966}}
{"target": 0.7724999785423279, "params": {"batch_size_index": 0.05447018466575548, "dropout_rate": 0.04865110714781912, "fc_units_index": 0.09214137951936252, "l1_reg": 0.037477804429605535, "l2_reg": 0.008206267067309245, "lr": 0.00047759739015767246, "optimizer_index": 2.9154409719678545}, "datetime": {"datetime": "2025-03-24 00:30:35", "elapsed": 2708.318642, "delta": 447.082282}}
{"target": 0.9574999809265137, "params": {"batch_size_index": 0.02453314690179731, "dropout_rate": 0.44383051272360063, "fc_units_index": 0.00036447983287901664, "l1_reg": 0.007945996654262797, "l2_reg": 0.0853273161992139, "lr": 3.1437387770669955e-05, "optimizer_index": 0.2813509588065881}, "datetime": {"datetime": "2025-03-24 00:38:20", "elapsed": 3174.038739, "delta": 465.720097}}
{"target": 0.7604166865348816, "params": {"batch_size_index": 0.7885473402751001, "dropout_rate": 0.42952033258546757, "fc_units_index": 0.02850852549754046, "l1_reg": 0.03149375532328399, "l2_reg": 0.06688146350441168, "lr": 0.00038182137436032173, "optimizer_index": 1.2440828965232287}, "datetime": {"datetime": "2025-03-24 00:43:27", "elapsed": 3480.320117, "delta": 306.281378}}
{"target": 0.8112499713897705, "params": {"batch_size_index": 2.2137652685807176, "dropout_rate": 0.476152728237224, "fc_units_index": 0.615783751206624, "l1_reg": 0.08354971003201614, "l2_reg": 0.03169256578859112, "lr": 0.00021757859255367543, "optimizer_index": 0.03711514437832031}, "datetime": {"datetime": "2025-03-24 00:48:42", "elapsed": 3795.323599, "delta": 315.003482}}
