{"target": 0.41458332538604736, "params": {"batch_size_index": 1.1236203565420875, "dropout_rate": 0.5852142919229748, "fc_units_index": 2.1959818254342154, "l1_reg": 0.0638792635777333, "l2_reg": 0.02404167763981929, "lr": 7.884126564776511e-05, "optimizer_index": 0.17425083650459838}, "datetime": {"datetime": "2025-03-24 00:58:01", "elapsed": 0.0, "delta": 0.0}}
{"target": 0.32499998807907104, "params": {"batch_size_index": 2.5985284373248057, "dropout_rate": 0.4803345035229626, "fc_units_index": 2.1242177333881367, "l1_reg": 0.011852604486622221, "l2_reg": 0.0972918866945795, "lr": 0.00041638887775941047, "optimizer_index": 0.6370173320348285}, "datetime": {"datetime": "2025-03-24 01:02:19", "elapsed": 258.090895, "delta": 258.090895}}
{"target": 0.5266666412353516, "params": {"batch_size_index": 1.067282144982908, "dropout_rate": 0.5526846296244647, "fc_units_index": 2.239256819212016, "l1_reg": 0.09929362917070433, "l2_reg": 0.06521632144457613, "lr": 0.00023216504559285683, "optimizer_index": 0.2702215888406734}, "datetime": {"datetime": "2025-03-24 01:08:19", "elapsed": 617.542407, "delta": 359.451512}}
{"target": 0.6545833349227905, "params": {"batch_size_index": 0.19311240401449825, "dropout_rate": 0.33269097065372727, "fc_units_index": 2.6892362254235733, "l1_reg": 0.08649520706607985, "l2_reg": 0.07766727714323637, "lr": 0.00014018970950181324, "optimizer_index": 1.4934508599318668}, "datetime": {"datetime": "2025-03-24 01:15:11", "elapsed": 1029.622151, "delta": 412.079744}}
{"target": 0.565833330154419, "params": {"batch_size_index": 1.2770744612976648, "dropout_rate": 0.40223626913887367, "fc_units_index": 2.7146753497458724, "l1_reg": 0.05252674940923351, "l2_reg": 0.09483644259487985, "lr": 0.00014932521814193877, "optimizer_index": 2.041223075556786}, "datetime": {"datetime": "2025-03-24 01:24:01", "elapsed": 1559.483264, "delta": 529.861113}}
{"target": 0.5704166889190674, "params": {"batch_size_index": 2.9956689049133827, "dropout_rate": 0.3153496559339725, "fc_units_index": 2.347694787096514, "l1_reg": 0.07680920952540345, "l2_reg": 0.08131332680347997, "lr": 0.00017529124629242913, "optimizer_index": 1.393245285432641}, "datetime": {"datetime": "2025-03-24 01:28:44", "elapsed": 1842.976824, "delta": 283.49356}}
{"target": 0.6366666555404663, "params": {"batch_size_index": 1.6682254616964394, "dropout_rate": 0.5711234750766176, "fc_units_index": 1.9854942008459648, "l1_reg": 0.030746108468559498, "l2_reg": 0.09695056946380792, "lr": 0.00019867686242848624, "optimizer_index": 0.08298960721487636}, "datetime": {"datetime": "2025-03-24 01:34:44", "elapsed": 2203.165364, "delta": 360.18854}}
{"target": 0.1733333319425583, "params": {"batch_size_index": 1.3314056517291557, "dropout_rate": 0.4123687320941131, "fc_units_index": 2.802347340188934, "l1_reg": 0.08654463026584797, "l2_reg": 0.08226779078387352, "lr": 0.0004728960586748435, "optimizer_index": 2.0078835158999606}, "datetime": {"datetime": "2025-03-24 01:39:13", "elapsed": 2472.113886, "delta": 268.948522}}
{"target": 0.518750011920929, "params": {"batch_size_index": 2.129002836326121, "dropout_rate": 0.48944853236590047, "fc_units_index": 2.4052872535142478, "l1_reg": 0.07065259983597794, "l2_reg": 0.08602944370114297, "lr": 0.00010858248636365033, "optimizer_index": 2.8800062566810354}, "datetime": {"datetime": "2025-03-24 01:43:37", "elapsed": 2735.379179, "delta": 263.265293}}
{"target": 0.6191666722297668, "params": {"batch_size_index": 0.3573272614202808, "dropout_rate": 0.5850967425268978, "fc_units_index": 2.90512818841683, "l1_reg": 0.09579822686298008, "l2_reg": 0.09323735485214413, "lr": 0.00011898513107784858, "optimizer_index": 1.264259308049285}, "datetime": {"datetime": "2025-03-24 01:50:28", "elapsed": 3147.266305, "delta": 411.887126}}
{"target": 0.6075000166893005, "params": {"batch_size_index": 2.9288929413332006, "dropout_rate": 0.509968838551157, "fc_units_index": 2.7086706366010938, "l1_reg": 0.05002123809652614, "l2_reg": 0.04671605879482199, "lr": 0.0001209804179878864, "optimizer_index": 0.5372028986490995}, "datetime": {"datetime": "2025-03-24 01:53:23", "elapsed": 3321.322029, "delta": 174.055724}}
{"target": 0.6112499833106995, "params": {"batch_size_index": 1.284887606908901, "dropout_rate": 0.39817583543043195, "fc_units_index": 1.5525530673111063, "l1_reg": 0.09832911946846724, "l2_reg": 0.011515340022807054, "lr": 0.0004453993251485732, "optimizer_index": 1.5583374584674292}, "datetime": {"datetime": "2025-03-24 01:56:58", "elapsed": 3536.701374, "delta": 215.379345}}
