{"target": 0.7808333039283752, "params": {"batch_size_index": 1.1236203565420875, "dropout_rate": 0.4753571532049581, "fc_units_index": 2.1959818254342154, "l1_reg": 0.0012053437987101325, "l2_reg": 0.0003289169080760243, "lr": 7.884126564776511e-05, "optimizer_index": 0.17425083650459838}, "datetime": {"datetime": "2025-03-23 22:22:34", "elapsed": 0.0, "delta": 0.0}}
{"target": 0.8999999761581421, "params": {"batch_size_index": 2.5985284373248057, "dropout_rate": 0.3005575058716044, "fc_units_index": 2.1242177333881367, "l1_reg": 6.075729870568885e-05, "l2_reg": 0.0019404215072807488, "lr": 0.00041638887775941047, "optimizer_index": 0.6370173320348285}, "datetime": {"datetime": "2025-03-23 22:26:17", "elapsed": 223.240537, "delta": 223.240537}}
{"target": 0.8774999976158142, "params": {"batch_size_index": 2.6267291000031427, "dropout_rate": 0.2575688367305503, "fc_units_index": 2.1877559193852436, "l1_reg": 9.070767907572332e-05, "l2_reg": 0.000743023444242497, "lr": 0.00024010550435032545, "optimizer_index": 0.5592505656305541}, "datetime": {"datetime": "2025-03-23 22:27:34", "elapsed": 300.75859, "delta": 77.518053}}
{"target": 0.784166693687439, "params": {"batch_size_index": 2.4345456458740675, "dropout_rate": 0.2716883749500123, "fc_units_index": 1.8434844021272236, "l1_reg": 0.0014601160454099874, "l2_reg": 0.0007385317671145408, "lr": 2.4357627059647904e-05, "optimizer_index": 0.887389319404227}, "datetime": {"datetime": "2025-03-23 22:31:17", "elapsed": 522.991566, "delta": 222.232976}}
{"target": 0.7908333539962769, "params": {"batch_size_index": 1.2770744612976648, "dropout_rate": 0.17039378189812282, "fc_units_index": 2.7146753497458724, "l1_reg": 0.0009555884870031372, "l2_reg": 0.0018864017370873564, "lr": 0.00014932521814193877, "optimizer_index": 2.041223075556786}, "datetime": {"datetime": "2025-03-23 22:32:35", "elapsed": 601.913745, "delta": 78.922179}}
{"target": 0.5241666436195374, "params": {"batch_size_index": 2.9956689049133827, "dropout_rate": 0.025582759889954232, "fc_units_index": 2.347694787096514, "l1_reg": 0.001489802609558876, "l2_reg": 0.0015888931896765593, "lr": 0.00017529124629242913, "optimizer_index": 1.393245285432641}, "datetime": {"datetime": "2025-03-23 22:36:26", "elapsed": 831.970557, "delta": 230.056812}}
{"target": 0.7462499737739563, "params": {"batch_size_index": 2.4052334804102444, "dropout_rate": 0.48711127089324946, "fc_units_index": 2.0218536681604844, "l1_reg": 0.0018421751021802063, "l2_reg": 0.0005418612548089885, "lr": 0.0002847448116031137, "optimizer_index": 0.336745067184283}, "datetime": {"datetime": "2025-03-23 22:37:30", "elapsed": 896.804753, "delta": 64.834196}}
{"target": 0.8320833444595337, "params": {"batch_size_index": 2.6594173886179, "dropout_rate": 0.23724601428881165, "fc_units_index": 2.177469733123934, "l1_reg": 0.0004277756682519642, "l2_reg": 0.0019294265601409002, "lr": 0.0002542686042671642, "optimizer_index": 0.6385714939295678}, "datetime": {"datetime": "2025-03-23 22:39:20", "elapsed": 1006.289018, "delta": 109.484265}}
{"target": 0.7729166746139526, "params": {"batch_size_index": 2.129002836326121, "dropout_rate": 0.3157475539431675, "fc_units_index": 2.4052872535142478, "l1_reg": 0.0013543571963915144, "l2_reg": 0.0016926477614251456, "lr": 0.00010858248636365033, "optimizer_index": 2.8800062566810354}, "datetime": {"datetime": "2025-03-23 22:42:28", "elapsed": 1194.51471, "delta": 188.225692}}
{"target": 0.6670833230018616, "params": {"batch_size_index": 0.3573272614202808, "dropout_rate": 0.47516123754482964, "fc_units_index": 2.90512818841683, "l1_reg": 0.0019075609909855616, "l2_reg": 0.001851221806747171, "lr": 0.00011898513107784858, "optimizer_index": 1.264259308049285}, "datetime": {"datetime": "2025-03-23 22:49:26", "elapsed": 1612.839369, "delta": 418.324659}}
{"target": 0.7791666388511658, "params": {"batch_size_index": 2.3753600270187865, "dropout_rate": 0.1918621727155212, "fc_units_index": 2.130816216809819, "l1_reg": 0.0013615160510423484, "l2_reg": 5.074323516754216e-05, "lr": 0.0002335102410322514, "optimizer_index": 0.5408858798140133}, "datetime": {"datetime": "2025-03-23 22:50:32", "elapsed": 1678.303877, "delta": 65.464508}}
{"target": 0.7870833277702332, "params": {"batch_size_index": 2.3511044287574343, "dropout_rate": 0.21929909579036005, "fc_units_index": 2.1174268515575076, "l1_reg": 0.0011812326369464467, "l2_reg": 0.000671124757946946, "lr": 0.00022274551799116526, "optimizer_index": 0.5781000090315664}, "datetime": {"datetime": "2025-03-23 22:51:51", "elapsed": 1757.930741, "delta": 79.626864}}
