{"target": 0.9471153616905212, "params": {"batch_size_index": 1.1236203565420875, "dropout_rate": 0.4753571532049581, "fc_units_index": 2.1959818254342154, "l1_reg": 0.005990598257128396, "l2_reg": 0.001568626218019941, "lr": 0.00024039506830258236, "optimizer_index": 0.17425083650459838}, "datetime": {"datetime": "2025-03-24 23:18:54", "elapsed": 0.0, "delta": 0.0}}
{"target": 0.9867788553237915, "params": {"batch_size_index": 2.5985284373248057, "dropout_rate": 0.3005575058716044, "fc_units_index": 2.1242177333881367, "l1_reg": 0.00021563909801506647, "l2_reg": 0.009699399423098323, "lr": 0.0008491983767203796, "optimizer_index": 0.6370173320348285}, "datetime": {"datetime": "2025-03-24 23:23:38", "elapsed": 284.035325, "delta": 284.035325}}
{"target": 0.985276460647583, "params": {"batch_size_index": 2.6267291000031427, "dropout_rate": 0.2575688367305503, "fc_units_index": 2.1877559193852436, "l1_reg": 0.0003667523807911495, "l2_reg": 0.003657981923223507, "lr": 0.0005312524126558976, "optimizer_index": 0.5592505656305541}, "datetime": {"datetime": "2025-03-24 23:27:44", "elapsed": 529.818587, "delta": 245.783262}}
{"target": 0.952223539352417, "params": {"batch_size_index": 2.9676854105528108, "dropout_rate": 0.24583014029039424, "fc_units_index": 1.986818977131593, "l1_reg": 0.0050146849548643, "l2_reg": 0.0018057819959022238, "lr": 0.000499875330866285, "optimizer_index": 1.887377869226676}, "datetime": {"datetime": "2025-03-24 23:31:09", "elapsed": 735.171308, "delta": 205.352721}}
{"target": 0.96875, "params": {"batch_size_index": 2.95971971556913, "dropout_rate": 0.46636195644593825, "fc_units_index": 1.606242371109825, "l1_reg": 0.0008562486204452354, "l2_reg": 0.00711319571287082, "lr": 0.00018539021018678991, "optimizer_index": 0.3307645284333829}, "datetime": {"datetime": "2025-03-24 23:34:16", "elapsed": 922.576066, "delta": 187.404758}}
{"target": 0.9453125, "params": {"batch_size_index": 2.387471855792061, "dropout_rate": 0.4029265821500891, "fc_units_index": 2.612511867757573, "l1_reg": 0.004749679918904935, "l2_reg": 0.0005545005851560356, "lr": 0.0006754065938989463, "optimizer_index": 0.9731141264108045}, "datetime": {"datetime": "2025-03-24 23:36:11", "elapsed": 1037.390264, "delta": 114.814198}}
{"target": 0.9858773946762085, "params": {"batch_size_index": 2.4579229463334356, "dropout_rate": 0.09857624879910964, "fc_units_index": 1.8362498745382894, "l1_reg": 0.00034429111182777636, "l2_reg": 0.006482934044250422, "lr": 0.0001233100714876834, "optimizer_index": 0.5258244456757614}, "datetime": {"datetime": "2025-03-24 23:40:56", "elapsed": 1322.169853, "delta": 284.779589}}
{"target": 0.971754789352417, "params": {"batch_size_index": 2.4466541131330004, "dropout_rate": 0.057798150094703904, "fc_units_index": 1.8627611540957487, "l1_reg": 0.0013383666013605325, "l2_reg": 0.00227265133869515, "lr": 0.00042737190447686836, "optimizer_index": 0.5532005826726855}, "datetime": {"datetime": "2025-03-24 23:42:49", "elapsed": 1435.660569, "delta": 113.490716}}
{"target": 0.9426081776618958, "params": {"batch_size_index": 2.129002836326121, "dropout_rate": 0.3157475539431675, "fc_units_index": 2.4052872535142478, "l1_reg": 0.00674243858179355, "l2_reg": 0.00844926825082687, "lr": 0.000294036548551674, "optimizer_index": 2.8800062566810354}, "datetime": {"datetime": "2025-03-24 23:46:30", "elapsed": 1655.870912, "delta": 220.210343}}
{"target": 0.9417067170143127, "params": {"batch_size_index": 0.3573272614202808, "dropout_rate": 0.47516123754482964, "fc_units_index": 2.90512818841683, "l1_reg": 0.009533603181790789, "l2_reg": 0.009249346388587999, "lr": 0.00031279883360734215, "optimizer_index": 1.264259308049285}, "datetime": {"datetime": "2025-03-24 23:49:34", "elapsed": 1840.424231, "delta": 184.553319}}
{"target": 0.9888821840286255, "params": {"batch_size_index": 2.511598093657863, "dropout_rate": 0.27934148620702626, "fc_units_index": 1.9018086099302653, "l1_reg": 0.00010172937490234764, "l2_reg": 0.00323067375172134, "lr": 0.0004011005666557723, "optimizer_index": 0.48506270102426285}, "datetime": {"datetime": "2025-03-24 23:54:12", "elapsed": 2118.54816, "delta": 278.123929}}
{"target": 0.9555288553237915, "params": {"batch_size_index": 2.670910358624306, "dropout_rate": 0.31842657826642534, "fc_units_index": 2.194075183403705, "l1_reg": 0.0041603517025856065, "l2_reg": 0.004159370009620137, "lr": 0.0002239523829323491, "optimizer_index": 0.5743773872194583}, "datetime": {"datetime": "2025-03-24 23:58:40", "elapsed": 2385.928698, "delta": 267.380538}}
